Arguments: 
  /usr/local/bin/node /usr/local/Cellar/yarn/1.22.10/libexec/bin/yarn.js add ibm-plex-mono

PATH: 
  /Users/martinjthompson/.rbenv/shims:/Users/martinjthompson/.rbenv/shims:/Users/martinjthompson/.cabal/bin:/Users/martinjthompson/.ghcup/bin:/Users/martinjthompson/.rbenv/bin:/usr/local/share/npm/bin:/Library/Frameworks/Python.framework/Versions/3.8/bin:/usr/local/bin:/usr/bin:/bin:/usr/sbin:/sbin:/Users/martinjthompson/.composer/vendor/bin:/usr/local/share/dotnet:/opt/X11/bin:~/.dotnet/tools:/Library/Frameworks/Mono.framework/Versions/Current/Commands:/Applications/Postgres.app/Contents/Versions/latest/bin

Yarn version: 
  1.22.10

Node version: 
  17.3.1

Platform: 
  darwin x64

Trace: 
  Error: https://registry.yarnpkg.com/ibm-plex-mono: Not found
      at Request.params.callback [as _callback] (/usr/local/Cellar/yarn/1.22.10/libexec/lib/cli.js:66988:18)
      at Request.self.callback (/usr/local/Cellar/yarn/1.22.10/libexec/lib/cli.js:140749:22)
      at Request.emit (node:events:390:28)
      at Request.<anonymous> (/usr/local/Cellar/yarn/1.22.10/libexec/lib/cli.js:141721:10)
      at Request.emit (node:events:390:28)
      at IncomingMessage.<anonymous> (/usr/local/Cellar/yarn/1.22.10/libexec/lib/cli.js:141643:12)
      at Object.onceWrapper (node:events:509:28)
      at IncomingMessage.emit (node:events:402:35)
      at endReadableNT (node:internal/streams/readable:1343:12)
      at processTicksAndRejections (node:internal/process/task_queues:83:21)

npm manifest: 
  {
    "name": "sm-ll.v2",
    "version": "1.0.0",
    "private": true,
    "description": "sm-ll.v2",
    "keywords": [
      "gatsby"
    ],
    "scripts": {
      "develop": "gatsby develop",
      "start": "gatsby develop",
      "build": "gatsby build",
      "serve": "gatsby serve",
      "clean": "gatsby clean"
    },
    "dependencies": {
      "@mdx-js/mdx": "^1.6.22",
      "@mdx-js/react": "^1.6.22",
      "gatsby": "^4.5.3",
      "gatsby-plugin-google-analytics": "^4.5.0",
      "gatsby-plugin-mdx": "^3.5.2",
      "gatsby-plugin-netlify-cms": "^6.5.0",
      "gatsby-plugin-react-helmet": "^5.5.0",
      "gatsby-plugin-sass": "^5.5.0",
      "gatsby-plugin-typography": "^4.6.0",
      "gatsby-source-filesystem": "^4.5.2",
      "netlify-cms-app": "^2.15.63",
      "normalize.css": "^8.0.1",
      "react": "^17.0.1",
      "react-dom": "^17.0.1",
      "react-helmet": "^6.1.0",
      "react-typography": "^0.16.20",
      "sass": "^1.48.0",
      "typography": "^0.16.21"
    }
  }

yarn manifest: 
  No manifest

Lockfile: 
  No lockfile
